<?xml version="1.0" encoding="UTF-8"?>
<!-- Generated by org.testng.reporters.JUnitReportReporter -->
<testsuite hostname="ZIL656" failures="0" tests="4" name="com.genentech.testcases.JsonValueVerification" time="837.841" errors="0" timestamp="2024-06-07T10:08:25 IST" skipped="0">
  <testcase classname="com.genentech.testcases.JsonValueVerification" name="getInputExcelSheetData" time="0.560"/>
  <testcase classname="com.genentech.testcases.JsonValueVerification" name="loginToEnvironment" time="49.995"/>
  <testcase classname="com.genentech.testcases.JsonValueVerification" name="verifyJsonValues" time="787.050"/>
  <testcase classname="com.genentech.testcases.JsonValueVerification" name="addDataToOutputExcelFile" time="0.236"/>
</testsuite> <!-- com.genentech.testcases.JsonValueVerification -->
