<?xml version="1.0" encoding="UTF-8"?>
<!-- Generated by org.testng.reporters.JUnitReportReporter -->
<testsuite hostname="ZIL633" failures="0" tests="1" name="com.genentech.testcases.Json_default" time="393.882" errors="0" timestamp="2024-01-03T14:12:46 IST" skipped="0">
  <testcase classname="com.genentech.testcases.Json_default" name="jsonValuesTest" time="393.882"/>
</testsuite> <!-- com.genentech.testcases.Json_default -->
