<?xml version="1.0" encoding="UTF-8"?>
<!-- Generated by org.testng.reporters.JUnitReportReporter -->
<testsuite hostname="ZIL633" failures="0" tests="4" name="updated.com.genentech.testcases.PdfReaderVerification" time="94.424" errors="0" timestamp="2024-01-04T16:42:52 IST" skipped="0">
  <testcase classname="updated.com.genentech.testcases.PdfReaderVerification" name="getInputExcelSheetData" time="0.403"/>
  <testcase classname="updated.com.genentech.testcases.PdfReaderVerification" name="loginToEnvironment" time="0.266"/>
  <testcase classname="updated.com.genentech.testcases.PdfReaderVerification" name="verifyRedirects" time="93.593"/>
  <testcase classname="updated.com.genentech.testcases.PdfReaderVerification" name="addDataToOutputExcelFile" time="0.162"/>
</testsuite> <!-- updated.com.genentech.testcases.PdfReaderVerification -->
