<?xml version="1.0" encoding="UTF-8"?>
<!-- Generated by org.testng.reporters.JUnitReportReporter -->
<testsuite hostname="ZIL1248" failures="0" tests="1" name="com.genentech.testcases.CCPATest" time="32.625" errors="0" timestamp="2023-09-11T23:56:23 IST" skipped="0">
  <testcase classname="com.genentech.testcases.CCPATest" name="ccpaTest" time="32.625"/>
  <system-out/>
</testsuite> <!-- com.genentech.testcases.CCPATest -->
