<?xml version="1.0" encoding="UTF-8"?>
<!-- Generated by org.testng.reporters.JUnitReportReporter -->
<testsuite hostname="ZIL331" failures="0" tests="1" name="com.genentech.testcases.RedirectTest2" time="42.656" errors="0" timestamp="3 Jan 2022 10:54:56 GMT">
  <testcase classname="com.genentech.testcases.RedirectTest2" name="data" time="42.656"/>
</testsuite> <!-- com.genentech.testcases.RedirectTest2 -->
