<?xml version="1.0" encoding="UTF-8"?>
<!-- Generated by org.testng.reporters.JUnitReportReporter -->
<testsuite hostname="ZIL327" name="com.perficient.testCases.SoapApiTest" tests="1" failures="0" timestamp="17 Oct 2017 05:32:58 GMT" time="2.921" errors="0">
  <testcase name="TC001" time="2.921" classname="com.perficient.testCases.SoapApiTest"/>
</testsuite> <!-- com.perficient.testCases.SoapApiTest -->
