<?xml version="1.0" encoding="UTF-8"?>
<!-- Generated by org.testng.reporters.JUnitReportReporter -->
<testsuite hostname="ZIL331" failures="0" tests="1" name="com.genentech.testcases.AltTags" time="59.051" errors="0" timestamp="14 Jan 2022 06:25:35 GMT">
  <testcase classname="com.genentech.testcases.AltTags" name="altTagTest" time="59.051"/>
</testsuite> <!-- com.genentech.testcases.AltTags -->
