<?xml version="1.0" encoding="UTF-8"?>
<!-- Generated by org.testng.reporters.JUnitReportReporter -->
<testsuite hostname="ZIL633" failures="0" tests="4" name="updated.com.genentech.testcases.WebScraperVerification" time="154.758" errors="0" timestamp="2024-01-03T17:07:13 IST" skipped="0">
  <testcase classname="updated.com.genentech.testcases.WebScraperVerification" name="getInputExcelSheetData" time="1.834"/>
  <testcase classname="updated.com.genentech.testcases.WebScraperVerification" name="loginToEnvironment" time="0.001"/>
  <testcase classname="updated.com.genentech.testcases.WebScraperVerification" name="verifyTitleMeta" time="152.717"/>
  <testcase classname="updated.com.genentech.testcases.WebScraperVerification" name="addDataToOutputExcelFile" time="0.206"/>
</testsuite> <!-- updated.com.genentech.testcases.WebScraperVerification -->
