<?xml version="1.0" encoding="UTF-8"?>
<!-- Generated by org.testng.reporters.JUnitReportReporter -->
<testsuite hostname="ZIL633" failures="0" tests="1" name="com.genentech.testcases.AltTagsTest" time="170.916" errors="0" timestamp="2023-11-30T16:20:09 IST" skipped="0">
  <testcase classname="com.genentech.testcases.AltTagsTest" name="altTagTest" time="170.916"/>
</testsuite> <!-- com.genentech.testcases.AltTagsTest -->
