<?xml version="1.0" encoding="UTF-8"?>
<!-- Generated by org.testng.reporters.JUnitReportReporter -->
<testsuite hostname="ZIL448" failures="0" tests="1" name="com.genentech.testcases.JsonValuesTest" time="12.547" errors="0" timestamp="2022-04-20T10:43:05 IST" skipped="0">
  <testcase classname="com.genentech.testcases.JsonValuesTest" name="jsonValues" time="12.547"/>
  <system-out/>
</testsuite> <!-- com.genentech.testcases.JsonValuesTest -->
