<?xml version="1.0" encoding="UTF-8"?>
<!-- Generated by org.testng.reporters.JUnitReportReporter -->
<testsuite hostname="ZIL331" failures="0" tests="1" name="com.genentech.testcases.Default" time="2.359" errors="0" timestamp="19 Jan 2022 10:41:10 GMT">
  <testcase classname="com.genentech.testcases.Default" name="JSON" time="2.359"/>
</testsuite> <!-- com.genentech.testcases.Default -->
