<?xml version="1.0" encoding="UTF-8"?>
<!-- Generated by org.testng.reporters.JUnitReportReporter -->
<testsuite hostname="ZIL793" failures="0" tests="1" name="test.LoginLogout" time="24.771" errors="0" timestamp="2024-07-28T23:54:33 IST" skipped="0">
  <testcase classname="test.LoginLogout" name="testLoginLogout" time="24.771"/>
</testsuite> <!-- test.LoginLogout -->
