<?xml version="1.0" encoding="UTF-8"?>
<!-- Generated by org.testng.reporters.JUnitReportReporter -->
<testsuite hostname="ZIL633" failures="0" tests="1" name="com.genentech.testcases.FSToolTestv3" time="20.136" errors="0" timestamp="2023-11-30T17:42:42 IST" skipped="0">
  <testcase classname="com.genentech.testcases.FSToolTestv3" name="fsToolTest" time="20.136"/>
</testsuite> <!-- com.genentech.testcases.FSToolTestv3 -->
