<?xml version="1.0" encoding="UTF-8"?>
<!-- Generated by org.testng.reporters.JUnitReportReporter -->
<testsuite hostname="ZIL633" failures="0" tests="1" name="com.genentech.testcases.RedirectsTest" time="52.866" errors="0" timestamp="2023-12-27T11:01:43 IST" skipped="0">
  <testcase classname="com.genentech.testcases.RedirectsTest" name="redirectsURL" time="52.866"/>
</testsuite> <!-- com.genentech.testcases.RedirectsTest -->
