<?xml version="1.0" encoding="UTF-8"?>
<!-- Generated by org.testng.reporters.JUnitReportReporter -->
<testsuite hostname="ZIL633" failures="0" tests="1" name="com.genentech.testcases.TitleMeta_Test" time="210.576" errors="0" timestamp="2023-12-26T12:46:24 IST" skipped="0">
  <testcase classname="com.genentech.testcases.TitleMeta_Test" name="titleMetaTest" time="210.576"/>
</testsuite> <!-- com.genentech.testcases.TitleMeta_Test -->
