<?xml version="1.0" encoding="UTF-8"?>
<!-- Generated by org.testng.reporters.JUnitReportReporter -->
<testsuite hostname="zil217" name="com.perficient.testCases.SampleFord" tests="1" failures="0" timestamp="9 Mar 2021 14:14:49 GMT" time="69.680" errors="0">
  <testcase name="verification" time="69.680" classname="com.perficient.testCases.SampleFord"/>
</testsuite> <!-- com.perficient.testCases.SampleFord -->
