<?xml version="1.0" encoding="UTF-8"?>
<!-- Generated by org.testng.reporters.JUnitReportReporter -->
<testsuite hostname="ZIL448" failures="0" tests="1" name="RedirectTest2" time="24.745" errors="0" timestamp="2022-04-18T11:31:39 IST" skipped="0">
  <testcase classname="RedirectTest2" name="data" time="24.745"/>
  <system-out/>
</testsuite> <!-- RedirectTest2 -->
