<?xml version="1.0" encoding="UTF-8"?>
<!-- Generated by org.testng.reporters.JUnitReportReporter -->
<testsuite hostname="ZIL633" failures="0" tests="4" name="updated.com.genentech.testcases.AltTagsVerification" time="74.314" errors="0" timestamp="2024-01-04T17:11:56 IST" skipped="0">
  <testcase classname="updated.com.genentech.testcases.AltTagsVerification" name="getInputExcelSheetData" time="1.618"/>
  <testcase classname="updated.com.genentech.testcases.AltTagsVerification" name="loginToEnvironment" time="0.001"/>
  <testcase classname="updated.com.genentech.testcases.AltTagsVerification" name="getAltTagsAndImages" time="72.469"/>
  <testcase classname="updated.com.genentech.testcases.AltTagsVerification" name="addDataToOutputExcelFile" time="0.226"/>
</testsuite> <!-- updated.com.genentech.testcases.AltTagsVerification -->
