<?xml version="1.0" encoding="UTF-8"?>
<!-- Generated by org.testng.reporters.JUnitReportReporter -->
<testsuite hostname="ZIL633" failures="0" tests="1" name="com.genentech.testcases.FSToolTest" time="97.960" errors="0" timestamp="2023-12-05T13:30:20 IST" skipped="0">
  <testcase classname="com.genentech.testcases.FSToolTest" name="fsToolTest" time="97.960"/>
</testsuite> <!-- com.genentech.testcases.FSToolTest -->
