<?xml version="1.0" encoding="UTF-8"?>
<!-- Generated by org.testng.reporters.JUnitReportReporter -->
<testsuite hostname="ZIL448" failures="0" tests="1" name="Json_default" time="88.666" errors="0" timestamp="2022-04-29T12:40:04 IST" skipped="0">
  <testcase classname="Json_default" name="JSON" time="88.666"/>
  <system-out/>
</testsuite> <!-- Json_default -->
