<?xml version="1.0" encoding="UTF-8"?>
<!-- Generated by org.testng.reporters.JUnitReportReporter -->
<testsuite hostname="ZIL633" failures="0" tests="1" name="com.genentech.testcases.WebScraperTest" time="92.467" errors="0" timestamp="2024-01-03T14:20:25 IST" skipped="0">
  <testcase classname="com.genentech.testcases.WebScraperTest" name="verification" time="92.467"/>
</testsuite> <!-- com.genentech.testcases.WebScraperTest -->
