<?xml version="1.0" encoding="UTF-8"?>
<!-- Generated by org.testng.reporters.JUnitReportReporter -->
<testsuite hostname="ZIL633" failures="0" tests="4" name="com.genentech.testcases.FSToolv2Verification" time="2600.977" errors="0" timestamp="2024-01-05T15:45:26 IST" skipped="0">
  <testcase classname="com.genentech.testcases.FSToolv2Verification" name="getInputExcelSheetData" time="1.626"/>
  <testcase classname="com.genentech.testcases.FSToolv2Verification" name="loginToEnvironment" time="42.229"/>
  <testcase classname="com.genentech.testcases.FSToolv2Verification" name="verifyJsonValues" time="2556.901"/>
  <testcase classname="com.genentech.testcases.FSToolv2Verification" name="addDataToOutputExcelFile" time="0.221"/>
</testsuite> <!-- com.genentech.testcases.FSToolv2Verification -->
