<?xml version="1.0" encoding="UTF-8"?>
<!-- Generated by org.testng.reporters.JUnitReportReporter -->
<testsuite hostname="ZIL633" failures="0" tests="4" name="updated.com.genentech.testcases.RedirectsVerification" time="158.702" errors="0" timestamp="2024-01-04T15:55:09 IST" skipped="0">
  <testcase classname="updated.com.genentech.testcases.RedirectsVerification" name="getInputExcelSheetData" time="1.354"/>
  <testcase classname="updated.com.genentech.testcases.RedirectsVerification" name="loginToEnvironment" time="0.267"/>
  <testcase classname="updated.com.genentech.testcases.RedirectsVerification" name="verifyRedirects" time="156.933"/>
  <testcase classname="updated.com.genentech.testcases.RedirectsVerification" name="addDataToOutputExcelFile" time="0.148"/>
</testsuite> <!-- updated.com.genentech.testcases.RedirectsVerification -->
