<?xml version="1.0" encoding="UTF-8"?>
<!-- Generated by org.testng.reporters.JUnitReportReporter -->
<testsuite hostname="ZIL625" failures="0" tests="1" name="com.genentech.testcases.TitleMetaTest" time="63.589" errors="0" timestamp="2022-05-16T12:48:03 IST" skipped="0">
  <testcase classname="com.genentech.testcases.TitleMetaTest" name="titlemeta" time="63.589"/>
  <system-out/>
</testsuite> <!-- com.genentech.testcases.TitleMetaTest -->
