<?xml version="1.0" encoding="UTF-8"?>
<!-- Generated by org.testng.reporters.JUnitReportReporter -->
<testsuite hostname="ZIL633" failures="0" tests="4" name="updated.com.genentech.testcases.TitleMetaVerification" time="325.499" errors="0" timestamp="2024-01-03T14:08:13 IST" skipped="0">
  <testcase classname="updated.com.genentech.testcases.TitleMetaVerification" name="getInputExcelSheetData" time="0.510"/>
  <testcase classname="updated.com.genentech.testcases.TitleMetaVerification" name="loginToEnvironment" time="0.002"/>
  <testcase classname="updated.com.genentech.testcases.TitleMetaVerification" name="verifyTitleMeta" time="324.762"/>
  <testcase classname="updated.com.genentech.testcases.TitleMetaVerification" name="addDataToOutputExcelFile" time="0.225"/>
</testsuite> <!-- updated.com.genentech.testcases.TitleMetaVerification -->
