<?xml version="1.0" encoding="UTF-8"?>
<!-- Generated by org.testng.reporters.JUnitReportReporter -->
<testsuite hostname="zil217" name="com.genentech.testcases.PdfReaderOnline" tests="1" failures="0" timestamp="21 Jun 2021 10:14:41 GMT" time="69.587" errors="0">
  <testcase name="pdfTitleAndMeta" time="69.587" classname="com.genentech.testcases.PdfReaderOnline"/>
</testsuite> <!-- com.genentech.testcases.PdfReaderOnline -->
