<?xml version="1.0" encoding="UTF-8"?>
<!-- Generated by org.testng.reporters.JUnitReportReporter -->
<testsuite hostname="ZIL633" failures="0" tests="1" name="com.genentech.testcases.PdfReaderTest" time="44.027" errors="0" timestamp="2024-01-03T14:21:26 IST" skipped="0">
  <testcase classname="com.genentech.testcases.PdfReaderTest" name="pdfTitleAndMeta" time="44.027"/>
</testsuite> <!-- com.genentech.testcases.PdfReaderTest -->
