<?xml version="1.0" encoding="UTF-8"?>
<!-- Generated by org.testng.reporters.JUnitReportReporter -->
<testsuite hostname="ZIL793" failures="0" tests="1" name="Projects.WikipediaSearchTest" time="14.505" errors="0" timestamp="2024-07-29T00:38:19 IST" skipped="0">
  <testcase classname="Projects.WikipediaSearchTest" name="testWikipediaSearch" time="14.505"/>
</testsuite> <!-- Projects.WikipediaSearchTest -->
