<?xml version="1.0" encoding="UTF-8"?>
<!-- Generated by org.testng.reporters.JUnitReportReporter -->
<testsuite hostname="ZIL793" failures="0" tests="1" name="Projects.LoginLogout" time="24.895" errors="0" timestamp="2024-07-29T00:31:42 IST" skipped="0">
  <testcase classname="Projects.LoginLogout" name="testLoginLogout" time="24.895"/>
</testsuite> <!-- Projects.LoginLogout -->
